This file contains any messages produced by compilers while
running configure, to aid debugging if configure makes a mistake.

It was created by configure, which was
generated by GNU Autoconf 2.69.  Invocation command line was

  $ ./configure 

## --------- ##
## Platform. ##
## --------- ##

hostname = sexual
uname -m = x86_64
uname -r = 3.12.21-xeon
uname -s = Linux
uname -v = #3 SMP Mon Jul 13 18:55:57 BRT 2015

/usr/bin/uname -p = unknown
/bin/uname -X     = unknown

/bin/arch              = unknown
/usr/bin/arch -k       = unknown
/usr/convex/getsysinfo = unknown
/usr/bin/hostinfo      = unknown
/bin/machine           = unknown
/usr/bin/oslevel       = unknown
/bin/universe          = unknown

PATH: /usr/local/bin
PATH: /usr/bin
PATH: /bin
PATH: /usr/local/games
PATH: /usr/games
PATH: JAVA_HOME/bin
PATH: /usr/java/jre/bin


## ----------- ##
## Core tests. ##
## ----------- ##

configure:2559: checking for true
configure:2577: found /bin/true
configure:2589: result: /bin/true
configure:2605: checking for false
configure:2623: found /bin/false
configure:2635: result: /bin/false
configure:2655: checking build system type
configure:2669: result: x86_64-unknown-linux-gnu
configure:2689: checking host system type
configure:2702: result: x86_64-unknown-linux-gnu
configure:2834: checking for g++
configure:2850: found /usr/bin/g++
configure:2861: result: g++
configure:2888: checking for C++ compiler version
configure:2897: g++ --version >&5
g++ (Debian 4.9.2-10) 4.9.2
Copyright (C) 2014 Free Software Foundation, Inc.
This is free software; see the source for copying conditions.  There is NO
warranty; not even for MERCHANTABILITY or FITNESS FOR A PARTICULAR PURPOSE.

configure:2908: $? = 0
configure:2897: g++ -v >&5
Using built-in specs.
COLLECT_GCC=g++
COLLECT_LTO_WRAPPER=/usr/lib/gcc/x86_64-linux-gnu/4.9/lto-wrapper
Target: x86_64-linux-gnu
Configured with: ../src/configure -v --with-pkgversion='Debian 4.9.2-10' --with-bugurl=file:///usr/share/doc/gcc-4.9/README.Bugs --enable-languages=c,c++,java,go,d,fortran,objc,obj-c++ --prefix=/usr --program-suffix=-4.9 --enable-shared --enable-linker-build-id --libexecdir=/usr/lib --without-included-gettext --enable-threads=posix --with-gxx-include-dir=/usr/include/c++/4.9 --libdir=/usr/lib --enable-nls --with-sysroot=/ --enable-clocale=gnu --enable-libstdcxx-debug --enable-libstdcxx-time=yes --enable-gnu-unique-object --disable-vtable-verify --enable-plugin --with-system-zlib --disable-browser-plugin --enable-java-awt=gtk --enable-gtk-cairo --with-java-home=/usr/lib/jvm/java-1.5.0-gcj-4.9-amd64/jre --enable-java-home --with-jvm-root-dir=/usr/lib/jvm/java-1.5.0-gcj-4.9-amd64 --with-jvm-jar-dir=/usr/lib/jvm-exports/java-1.5.0-gcj-4.9-amd64 --with-arch-directory=amd64 --with-ecj-jar=/usr/share/java/eclipse-ecj.jar --enable-objc-gc --enable-multiarch --with-arch-32=i586 --with-abi=m64 --with-multilib-list=m32,m64,mx32 --enable-multilib --with-tune=generic --enable-checking=release --build=x86_64-linux-gnu --host=x86_64-linux-gnu --target=x86_64-linux-gnu
Thread model: posix
gcc version 4.9.2 (Debian 4.9.2-10) 
configure:2908: $? = 0
configure:2897: g++ -V >&5
g++: error: unrecognized command line option '-V'
g++: fatal error: no input files
compilation terminated.
configure:2908: $? = 4
configure:2897: g++ -qversion >&5
g++: error: unrecognized command line option '-qversion'
g++: fatal error: no input files
compilation terminated.
configure:2908: $? = 4
configure:2928: checking whether the C++ compiler works
configure:2950: g++   -I/usr/local/include  -L/usr/local/lib64 -L/usr/local/lib conftest.cpp  >&5
configure:2954: $? = 0
configure:3002: result: yes
configure:3005: checking for C++ compiler default output file name
configure:3007: result: a.out
configure:3013: checking for suffix of executables
configure:3020: g++ -o conftest   -I/usr/local/include  -L/usr/local/lib64 -L/usr/local/lib conftest.cpp  >&5
configure:3024: $? = 0
configure:3046: result: 
configure:3068: checking whether we are cross compiling
configure:3076: g++ -o conftest   -I/usr/local/include  -L/usr/local/lib64 -L/usr/local/lib conftest.cpp  >&5
configure:3080: $? = 0
configure:3087: ./conftest
configure:3091: $? = 0
configure:3106: result: no
configure:3111: checking for suffix of object files
configure:3133: g++ -c   -I/usr/local/include conftest.cpp >&5
configure:3137: $? = 0
configure:3158: result: o
configure:3162: checking whether we are using the GNU C++ compiler
configure:3181: g++ -c   -I/usr/local/include conftest.cpp >&5
configure:3181: $? = 0
configure:3190: result: yes
configure:3199: checking whether g++ accepts -g
configure:3219: g++ -c -g  -I/usr/local/include conftest.cpp >&5
configure:3219: $? = 0
configure:3260: result: yes
configure:3330: checking for gcc
configure:3346: found /usr/bin/gcc
configure:3357: result: gcc
configure:3586: checking for C compiler version
configure:3595: gcc --version >&5
gcc (Debian 4.9.2-10) 4.9.2
Copyright (C) 2014 Free Software Foundation, Inc.
This is free software; see the source for copying conditions.  There is NO
warranty; not even for MERCHANTABILITY or FITNESS FOR A PARTICULAR PURPOSE.

configure:3606: $? = 0
configure:3595: gcc -v >&5
Using built-in specs.
COLLECT_GCC=gcc
COLLECT_LTO_WRAPPER=/usr/lib/gcc/x86_64-linux-gnu/4.9/lto-wrapper
Target: x86_64-linux-gnu
Configured with: ../src/configure -v --with-pkgversion='Debian 4.9.2-10' --with-bugurl=file:///usr/share/doc/gcc-4.9/README.Bugs --enable-languages=c,c++,java,go,d,fortran,objc,obj-c++ --prefix=/usr --program-suffix=-4.9 --enable-shared --enable-linker-build-id --libexecdir=/usr/lib --without-included-gettext --enable-threads=posix --with-gxx-include-dir=/usr/include/c++/4.9 --libdir=/usr/lib --enable-nls --with-sysroot=/ --enable-clocale=gnu --enable-libstdcxx-debug --enable-libstdcxx-time=yes --enable-gnu-unique-object --disable-vtable-verify --enable-plugin --with-system-zlib --disable-browser-plugin --enable-java-awt=gtk --enable-gtk-cairo --with-java-home=/usr/lib/jvm/java-1.5.0-gcj-4.9-amd64/jre --enable-java-home --with-jvm-root-dir=/usr/lib/jvm/java-1.5.0-gcj-4.9-amd64 --with-jvm-jar-dir=/usr/lib/jvm-exports/java-1.5.0-gcj-4.9-amd64 --with-arch-directory=amd64 --with-ecj-jar=/usr/share/java/eclipse-ecj.jar --enable-objc-gc --enable-multiarch --with-arch-32=i586 --with-abi=m64 --with-multilib-list=m32,m64,mx32 --enable-multilib --with-tune=generic --enable-checking=release --build=x86_64-linux-gnu --host=x86_64-linux-gnu --target=x86_64-linux-gnu
Thread model: posix
gcc version 4.9.2 (Debian 4.9.2-10) 
configure:3606: $? = 0
configure:3595: gcc -V >&5
gcc: error: unrecognized command line option '-V'
gcc: fatal error: no input files
compilation terminated.
configure:3606: $? = 4
configure:3595: gcc -qversion >&5
gcc: error: unrecognized command line option '-qversion'
gcc: fatal error: no input files
compilation terminated.
configure:3606: $? = 4
configure:3610: checking whether we are using the GNU C compiler
configure:3629: gcc -c   -I/usr/local/include conftest.c >&5
configure:3629: $? = 0
configure:3638: result: yes
configure:3647: checking whether gcc accepts -g
configure:3667: gcc -c -g  -I/usr/local/include conftest.c >&5
configure:3667: $? = 0
configure:3708: result: yes
configure:3725: checking for gcc option to accept ISO C89
configure:3788: gcc  -c -g -O2  -I/usr/local/include conftest.c >&5
configure:3788: $? = 0
configure:3801: result: none needed
configure:3825: checking how to run the C preprocessor
configure:3856: gcc -E  -I/usr/local/include conftest.c
configure:3856: $? = 0
configure:3870: gcc -E  -I/usr/local/include conftest.c
conftest.c:9:28: fatal error: ac_nonexistent.h: No such file or directory
 #include <ac_nonexistent.h>
                            ^
compilation terminated.
configure:3870: $? = 1
configure: failed program was:
| /* confdefs.h */
| #define PACKAGE_NAME ""
| #define PACKAGE_TARNAME ""
| #define PACKAGE_VERSION ""
| #define PACKAGE_STRING ""
| #define PACKAGE_BUGREPORT ""
| #define PACKAGE_URL ""
| /* end confdefs.h.  */
| #include <ac_nonexistent.h>
configure:3895: result: gcc -E
configure:3915: gcc -E  -I/usr/local/include conftest.c
configure:3915: $? = 0
configure:3929: gcc -E  -I/usr/local/include conftest.c
conftest.c:9:28: fatal error: ac_nonexistent.h: No such file or directory
 #include <ac_nonexistent.h>
                            ^
compilation terminated.
configure:3929: $? = 1
configure: failed program was:
| /* confdefs.h */
| #define PACKAGE_NAME ""
| #define PACKAGE_TARNAME ""
| #define PACKAGE_VERSION ""
| #define PACKAGE_STRING ""
| #define PACKAGE_BUGREPORT ""
| #define PACKAGE_URL ""
| /* end confdefs.h.  */
| #include <ac_nonexistent.h>
configure:3970: checking for a BSD-compatible install
configure:4038: result: /usr/bin/install -c
configure:4052: checking for gawk
configure:4068: found /usr/bin/gawk
configure:4079: result: gawk
configure:4091: checking for library containing strerror
configure:4122: gcc -o conftest -g -O2  -I/usr/local/include  -L/usr/local/lib64 -L/usr/local/lib conftest.c  >&5
configure:4122: $? = 0
configure:4139: result: none required
configure:4184: checking for shutdown
configure:4202: found /sbin/shutdown
configure:4214: result: /sbin/shutdown
configure:4234: checking for mail
configure:4252: found /usr/bin/mail
configure:4264: result: /usr/bin/mail
configure:4287: checking for wall
configure:4305: found /usr/bin/wall
configure:4317: result: /usr/bin/wall
configure:4336: checking for sh
configure:4354: found /bin/sh
configure:4366: result: /bin/sh
configure:4382: checking for GNU make
configure:4397: result: make
configure:4447: checking for ranlib
configure:4463: found /usr/bin/ranlib
configure:4474: result: ranlib
configure:4502: checking for rm
configure:4520: found /bin/rm
configure:4532: result: /bin/rm
configure:4546: checking for cp
configure:4564: found /bin/cp
configure:4576: result: /bin/cp
configure:4590: checking for echo
configure:4608: found /bin/echo
configure:4620: result: /bin/echo
configure:4634: checking for ln
configure:4652: found /bin/ln
configure:4664: result: /bin/ln
configure:4678: checking for sed
configure:4696: found /bin/sed
configure:4708: result: /bin/sed
configure:4763: checking for ar
configure:4779: found /usr/bin/ar
configure:4790: result: ar
configure:4818: checking for mv
configure:4836: found /bin/mv
configure:4848: result: /bin/mv
configure:4903: checking for windres
configure:4933: result: no
configure:5001: checking for strip
configure:5017: found /usr/bin/strip
configure:5028: result: strip
configure:5055: checking for rst2html
configure:5073: found /usr/bin/rst2html
configure:5085: result: /usr/bin/rst2html
configure:5095: checking for rst2html.py
configure:5125: result: /usr/bin/rst2html
configure:5135: checking for rst2pdf
configure:5153: found /usr/bin/rst2pdf
configure:5165: result: /usr/bin/rst2pdf
configure:5188: checking for abort
configure:5188: gcc -o conftest -g -O2  -I/usr/local/include  -L/usr/local/lib64 -L/usr/local/lib conftest.c  >&5
conftest.c:33:6: warning: conflicting types for built-in function 'abort'
 char abort ();
      ^
configure:5188: $? = 0
configure:5188: result: yes
configure:5188: checking for calloc
configure:5188: gcc -o conftest -g -O2  -I/usr/local/include  -L/usr/local/lib64 -L/usr/local/lib conftest.c  >&5
conftest.c:34:6: warning: conflicting types for built-in function 'calloc'
 char calloc ();
      ^
configure:5188: $? = 0
configure:5188: result: yes
configure:5188: checking for getpid
configure:5188: gcc -o conftest -g -O2  -I/usr/local/include  -L/usr/local/lib64 -L/usr/local/lib conftest.c  >&5
configure:5188: $? = 0
configure:5188: result: yes
configure:5188: checking for rewind
configure:5188: gcc -o conftest -g -O2  -I/usr/local/include  -L/usr/local/lib64 -L/usr/local/lib conftest.c  >&5
configure:5188: $? = 0
configure:5188: result: yes
configure:5188: checking for signal
configure:5188: gcc -o conftest -g -O2  -I/usr/local/include  -L/usr/local/lib64 -L/usr/local/lib conftest.c  >&5
configure:5188: $? = 0
configure:5188: result: yes
configure:5188: checking for strerror
configure:5188: gcc -o conftest -g -O2  -I/usr/local/include  -L/usr/local/lib64 -L/usr/local/lib conftest.c  >&5
configure:5188: $? = 0
configure:5188: result: yes
configure:5188: checking for strncmp
configure:5188: gcc -o conftest -g -O2  -I/usr/local/include  -L/usr/local/lib64 -L/usr/local/lib conftest.c  >&5
conftest.c:39:6: warning: conflicting types for built-in function 'strncmp'
 char strncmp ();
      ^
configure:5188: $? = 0
configure:5188: result: yes
configure:5188: checking for strncpy
configure:5188: gcc -o conftest -g -O2  -I/usr/local/include  -L/usr/local/lib64 -L/usr/local/lib conftest.c  >&5
conftest.c:40:6: warning: conflicting types for built-in function 'strncpy'
 char strncpy ();
      ^
configure:5188: $? = 0
configure:5188: result: yes
configure:5188: checking for vfprintf
configure:5188: gcc -o conftest -g -O2  -I/usr/local/include  -L/usr/local/lib64 -L/usr/local/lib conftest.c  >&5
conftest.c:41:6: warning: conflicting types for built-in function 'vfprintf'
 char vfprintf ();
      ^
configure:5188: $? = 0
configure:5188: result: yes
configure:5204: checking for snprintf
configure:5204: gcc -o conftest -g -O2  -I/usr/local/include  -L/usr/local/lib64 -L/usr/local/lib conftest.c  >&5
conftest.c:42:6: warning: conflicting types for built-in function 'snprintf'
 char snprintf ();
      ^
configure:5204: $? = 0
configure:5204: result: yes
configure:5204: checking for vsnprintf
configure:5204: gcc -o conftest -g -O2  -I/usr/local/include  -L/usr/local/lib64 -L/usr/local/lib conftest.c  >&5
conftest.c:43:6: warning: conflicting types for built-in function 'vsnprintf'
 char vsnprintf ();
      ^
configure:5204: $? = 0
configure:5204: result: yes
configure:5204: checking for strlcpy
configure:5204: gcc -o conftest -g -O2  -I/usr/local/include  -L/usr/local/lib64 -L/usr/local/lib conftest.c  >&5
/tmp/ccECVssG.o: In function `main':
/home/wagner/workspace/apcctrl/conftest.c:55: undefined reference to `strlcpy'
collect2: error: ld returned 1 exit status
configure:5204: $? = 1
configure: failed program was:
| /* confdefs.h */
| #define PACKAGE_NAME ""
| #define PACKAGE_TARNAME ""
| #define PACKAGE_VERSION ""
| #define PACKAGE_STRING ""
| #define PACKAGE_BUGREPORT ""
| #define PACKAGE_URL ""
| #define HAVE_PTHREADS 1
| #define HAVE_ABORT 1
| #define HAVE_CALLOC 1
| #define HAVE_GETPID 1
| #define HAVE_REWIND 1
| #define HAVE_SIGNAL 1
| #define HAVE_STRERROR 1
| #define HAVE_STRNCMP 1
| #define HAVE_STRNCPY 1
| #define HAVE_VFPRINTF 1
| #define HAVE_SNPRINTF 1
| #define HAVE_VSNPRINTF 1
| /* end confdefs.h.  */
| /* Define strlcpy to an innocuous variant, in case <limits.h> declares strlcpy.
|    For example, HP-UX 11i <limits.h> declares gettimeofday.  */
| #define strlcpy innocuous_strlcpy
| 
| /* System header to define __stub macros and hopefully few prototypes,
|     which can conflict with char strlcpy (); below.
|     Prefer <limits.h> to <assert.h> if __STDC__ is defined, since
|     <limits.h> exists even on freestanding compilers.  */
| 
| #ifdef __STDC__
| # include <limits.h>
| #else
| # include <assert.h>
| #endif
| 
| #undef strlcpy
| 
| /* Override any GCC internal prototype to avoid an error.
|    Use char because int might match the return type of a GCC
|    builtin and then its argument prototype would still apply.  */
| #ifdef __cplusplus
| extern "C"
| #endif
| char strlcpy ();
| /* The GNU C library defines this for functions which it implements
|     to always fail with ENOSYS.  Some functions are actually named
|     something starting with __ and the normal name is an alias.  */
| #if defined __stub_strlcpy || defined __stub___strlcpy
| choke me
| #endif
| 
| int
| main ()
| {
| return strlcpy ();
|   ;
|   return 0;
| }
configure:5204: result: no
configure:5204: checking for strlcat
configure:5204: gcc -o conftest -g -O2  -I/usr/local/include  -L/usr/local/lib64 -L/usr/local/lib conftest.c  >&5
/tmp/cc6QXhtJ.o: In function `main':
/home/wagner/workspace/apcctrl/conftest.c:55: undefined reference to `strlcat'
collect2: error: ld returned 1 exit status
configure:5204: $? = 1
configure: failed program was:
| /* confdefs.h */
| #define PACKAGE_NAME ""
| #define PACKAGE_TARNAME ""
| #define PACKAGE_VERSION ""
| #define PACKAGE_STRING ""
| #define PACKAGE_BUGREPORT ""
| #define PACKAGE_URL ""
| #define HAVE_PTHREADS 1
| #define HAVE_ABORT 1
| #define HAVE_CALLOC 1
| #define HAVE_GETPID 1
| #define HAVE_REWIND 1
| #define HAVE_SIGNAL 1
| #define HAVE_STRERROR 1
| #define HAVE_STRNCMP 1
| #define HAVE_STRNCPY 1
| #define HAVE_VFPRINTF 1
| #define HAVE_SNPRINTF 1
| #define HAVE_VSNPRINTF 1
| /* end confdefs.h.  */
| /* Define strlcat to an innocuous variant, in case <limits.h> declares strlcat.
|    For example, HP-UX 11i <limits.h> declares gettimeofday.  */
| #define strlcat innocuous_strlcat
| 
| /* System header to define __stub macros and hopefully few prototypes,
|     which can conflict with char strlcat (); below.
|     Prefer <limits.h> to <assert.h> if __STDC__ is defined, since
|     <limits.h> exists even on freestanding compilers.  */
| 
| #ifdef __STDC__
| # include <limits.h>
| #else
| # include <assert.h>
| #endif
| 
| #undef strlcat
| 
| /* Override any GCC internal prototype to avoid an error.
|    Use char because int might match the return type of a GCC
|    builtin and then its argument prototype would still apply.  */
| #ifdef __cplusplus
| extern "C"
| #endif
| char strlcat ();
| /* The GNU C library defines this for functions which it implements
|     to always fail with ENOSYS.  Some functions are actually named
|     something starting with __ and the normal name is an alias.  */
| #if defined __stub_strlcat || defined __stub___strlcat
| choke me
| #endif
| 
| int
| main ()
| {
| return strlcat ();
|   ;
|   return 0;
| }
configure:5204: result: no
configure:5219: checking for fork
configure:5219: gcc -o conftest -g -O2  -I/usr/local/include  -L/usr/local/lib64 -L/usr/local/lib conftest.c  >&5
conftest.c:44:6: warning: conflicting types for built-in function 'fork'
 char fork ();
      ^
configure:5219: $? = 0
configure:5219: result: yes
configure:5219: checking for ioctl
configure:5219: gcc -o conftest -g -O2  -I/usr/local/include  -L/usr/local/lib64 -L/usr/local/lib conftest.c  >&5
configure:5219: $? = 0
configure:5219: result: yes
configure:5219: checking for kill
configure:5219: gcc -o conftest -g -O2  -I/usr/local/include  -L/usr/local/lib64 -L/usr/local/lib conftest.c  >&5
configure:5219: $? = 0
configure:5219: result: yes
configure:5219: checking for select
configure:5219: gcc -o conftest -g -O2  -I/usr/local/include  -L/usr/local/lib64 -L/usr/local/lib conftest.c  >&5
configure:5219: $? = 0
configure:5219: result: yes
configure:5219: checking for setsid
configure:5219: gcc -o conftest -g -O2  -I/usr/local/include  -L/usr/local/lib64 -L/usr/local/lib conftest.c  >&5
configure:5219: $? = 0
configure:5219: result: yes
configure:5219: checking for tcgetattr
configure:5219: gcc -o conftest -g -O2  -I/usr/local/include  -L/usr/local/lib64 -L/usr/local/lib conftest.c  >&5
configure:5219: $? = 0
configure:5219: result: yes
configure:5232: checking for syslog
configure:5246: gcc -o conftest -g -O2  -I/usr/local/include  -L/usr/local/lib64 -L/usr/local/lib conftest.c  >&5
configure:5246: $? = 0
configure:5247: result: yes
configure:5322: checking for library containing nanosleep
configure:5353: gcc -o conftest -g -O2  -I/usr/local/include  -L/usr/local/lib64 -L/usr/local/lib conftest.c  >&5
configure:5353: $? = 0
configure:5370: result: none required
configure:5385: checking for strftime
configure:5385: gcc -o conftest -g -O2  -I/usr/local/include  -L/usr/local/lib64 -L/usr/local/lib conftest.c  >&5
conftest.c:51:6: warning: conflicting types for built-in function 'strftime'
 char strftime ();
      ^
configure:5385: $? = 0
configure:5385: result: yes
configure:5448: checking for library containing socket
configure:5479: gcc -o conftest -g -O2  -I/usr/local/include  -L/usr/local/lib64 -L/usr/local/lib conftest.c  >&5
configure:5479: $? = 0
configure:5496: result: none required
configure:5504: checking for library containing gethostname
configure:5535: gcc -o conftest -g -O2  -I/usr/local/include  -L/usr/local/lib64 -L/usr/local/lib conftest.c  >&5
configure:5535: $? = 0
configure:5552: result: none required
configure:5560: checking for library containing gethostbyname
configure:5591: gcc -o conftest -g -O2  -I/usr/local/include  -L/usr/local/lib64 -L/usr/local/lib conftest.c  >&5
configure:5591: $? = 0
configure:5608: result: none required
configure:5616: checking for library containing gethostbyname_r
configure:5647: gcc -o conftest -g -O2  -I/usr/local/include  -L/usr/local/lib64 -L/usr/local/lib conftest.c  >&5
configure:5647: $? = 0
configure:5664: result: none required
configure:5674: checking for library containing inet_addr
configure:5705: gcc -o conftest -g -O2  -I/usr/local/include  -L/usr/local/lib64 -L/usr/local/lib conftest.c  >&5
configure:5705: $? = 0
configure:5722: result: none required
configure:5731: checking for strchr
configure:5731: gcc -o conftest -g -O2  -I/usr/local/include  -L/usr/local/lib64 -L/usr/local/lib conftest.c  >&5
conftest.c:52:6: warning: conflicting types for built-in function 'strchr'
 char strchr ();
      ^
configure:5731: $? = 0
configure:5731: result: yes
configure:5733: result: using libc's strchr
configure:5780: checking for sqrt in -lm
configure:5805: gcc -o conftest -g -O2  -I/usr/local/include  -L/usr/local/lib64 -L/usr/local/lib conftest.c -lm   >&5
conftest.c:36:6: warning: conflicting types for built-in function 'sqrt'
 char sqrt ();
      ^
configure:5805: $? = 0
configure:5814: result: yes
configure:5826: checking for strstr
configure:5826: gcc -o conftest -g -O2  -I/usr/local/include  -L/usr/local/lib64 -L/usr/local/lib conftest.c  -lm >&5
conftest.c:53:6: warning: conflicting types for built-in function 'strstr'
 char strstr ();
      ^
configure:5826: $? = 0
configure:5826: result: yes
configure:5836: checking for strcasecmp
configure:5836: gcc -o conftest -g -O2  -I/usr/local/include  -L/usr/local/lib64 -L/usr/local/lib conftest.c  -lm >&5
conftest.c:54:6: warning: conflicting types for built-in function 'strcasecmp'
 char strcasecmp ();
      ^
configure:5836: $? = 0
configure:5836: result: yes
configure:5846: checking for memmove
configure:5846: gcc -o conftest -g -O2  -I/usr/local/include  -L/usr/local/lib64 -L/usr/local/lib conftest.c  -lm >&5
conftest.c:55:6: warning: conflicting types for built-in function 'memmove'
 char memmove ();
      ^
configure:5846: $? = 0
configure:5846: result: yes
configure:5856: checking for getopt_long
configure:5856: gcc -o conftest -g -O2  -I/usr/local/include  -L/usr/local/lib64 -L/usr/local/lib conftest.c  -lm >&5
configure:5856: $? = 0
configure:5856: result: yes
configure:5866: checking for inet_pton
configure:5866: gcc -o conftest -g -O2  -I/usr/local/include  -L/usr/local/lib64 -L/usr/local/lib conftest.c  -lm >&5
configure:5866: $? = 0
configure:5866: result: yes
configure:5876: checking for localtime_r
configure:5876: gcc -o conftest -g -O2  -I/usr/local/include  -L/usr/local/lib64 -L/usr/local/lib conftest.c  -lm >&5
configure:5876: $? = 0
configure:5876: result: yes
configure:5887: checking for grep that handles long lines and -e
configure:5945: result: /bin/grep
configure:5950: checking for egrep
configure:6012: result: /bin/grep -E
configure:6017: checking for ANSI C header files
configure:6037: gcc -c -g -O2  -I/usr/local/include conftest.c >&5
configure:6037: $? = 0
configure:6110: gcc -o conftest -g -O2  -I/usr/local/include  -L/usr/local/lib64 -L/usr/local/lib conftest.c  -lm >&5
configure:6110: $? = 0
configure:6110: ./conftest
configure:6110: $? = 0
configure:6121: result: yes
configure:6134: checking for sys/types.h
configure:6134: gcc -c -g -O2  -I/usr/local/include conftest.c >&5
configure:6134: $? = 0
configure:6134: result: yes
configure:6134: checking for sys/stat.h
configure:6134: gcc -c -g -O2  -I/usr/local/include conftest.c >&5
configure:6134: $? = 0
configure:6134: result: yes
configure:6134: checking for stdlib.h
configure:6134: gcc -c -g -O2  -I/usr/local/include conftest.c >&5
configure:6134: $? = 0
configure:6134: result: yes
configure:6134: checking for string.h
configure:6134: gcc -c -g -O2  -I/usr/local/include conftest.c >&5
configure:6134: $? = 0
configure:6134: result: yes
configure:6134: checking for memory.h
configure:6134: gcc -c -g -O2  -I/usr/local/include conftest.c >&5
configure:6134: $? = 0
configure:6134: result: yes
configure:6134: checking for strings.h
configure:6134: gcc -c -g -O2  -I/usr/local/include conftest.c >&5
configure:6134: $? = 0
configure:6134: result: yes
configure:6134: checking for inttypes.h
configure:6134: gcc -c -g -O2  -I/usr/local/include conftest.c >&5
configure:6134: $? = 0
configure:6134: result: yes
configure:6134: checking for stdint.h
configure:6134: gcc -c -g -O2  -I/usr/local/include conftest.c >&5
configure:6134: $? = 0
configure:6134: result: yes
configure:6134: checking for unistd.h
configure:6134: gcc -c -g -O2  -I/usr/local/include conftest.c >&5
configure:6134: $? = 0
configure:6134: result: yes
configure:6154: checking arpa/inet.h usability
configure:6154: gcc -c -g -O2  -I/usr/local/include conftest.c >&5
configure:6154: $? = 0
configure:6154: result: yes
configure:6154: checking arpa/inet.h presence
configure:6154: gcc -E  -I/usr/local/include conftest.c
configure:6154: $? = 0
configure:6154: result: yes
configure:6154: checking for arpa/inet.h
configure:6154: result: yes
configure:6154: checking ctype.h usability
configure:6154: gcc -c -g -O2  -I/usr/local/include conftest.c >&5
configure:6154: $? = 0
configure:6154: result: yes
configure:6154: checking ctype.h presence
configure:6154: gcc -E  -I/usr/local/include conftest.c
configure:6154: $? = 0
configure:6154: result: yes
configure:6154: checking for ctype.h
configure:6154: result: yes
configure:6154: checking errno.h usability
configure:6154: gcc -c -g -O2  -I/usr/local/include conftest.c >&5
configure:6154: $? = 0
configure:6154: result: yes
configure:6154: checking errno.h presence
configure:6154: gcc -E  -I/usr/local/include conftest.c
configure:6154: $? = 0
configure:6154: result: yes
configure:6154: checking for errno.h
configure:6154: result: yes
configure:6154: checking fcntl.h usability
configure:6154: gcc -c -g -O2  -I/usr/local/include conftest.c >&5
configure:6154: $? = 0
configure:6154: result: yes
configure:6154: checking fcntl.h presence
configure:6154: gcc -E  -I/usr/local/include conftest.c
configure:6154: $? = 0
configure:6154: result: yes
configure:6154: checking for fcntl.h
configure:6154: result: yes
configure:6154: checking limits.h usability
configure:6154: gcc -c -g -O2  -I/usr/local/include conftest.c >&5
configure:6154: $? = 0
configure:6154: result: yes
configure:6154: checking limits.h presence
configure:6154: gcc -E  -I/usr/local/include conftest.c
configure:6154: $? = 0
configure:6154: result: yes
configure:6154: checking for limits.h
configure:6154: result: yes
configure:6154: checking netdb.h usability
configure:6154: gcc -c -g -O2  -I/usr/local/include conftest.c >&5
configure:6154: $? = 0
configure:6154: result: yes
configure:6154: checking netdb.h presence
configure:6154: gcc -E  -I/usr/local/include conftest.c
configure:6154: $? = 0
configure:6154: result: yes
configure:6154: checking for netdb.h
configure:6154: result: yes
configure:6154: checking netinet/in.h usability
configure:6154: gcc -c -g -O2  -I/usr/local/include conftest.c >&5
configure:6154: $? = 0
configure:6154: result: yes
configure:6154: checking netinet/in.h presence
configure:6154: gcc -E  -I/usr/local/include conftest.c
configure:6154: $? = 0
configure:6154: result: yes
configure:6154: checking for netinet/in.h
configure:6154: result: yes
configure:6154: checking signal.h usability
configure:6154: gcc -c -g -O2  -I/usr/local/include conftest.c >&5
configure:6154: $? = 0
configure:6154: result: yes
configure:6154: checking signal.h presence
configure:6154: gcc -E  -I/usr/local/include conftest.c
configure:6154: $? = 0
configure:6154: result: yes
configure:6154: checking for signal.h
configure:6154: result: yes
configure:6154: checking stdarg.h usability
configure:6154: gcc -c -g -O2  -I/usr/local/include conftest.c >&5
configure:6154: $? = 0
configure:6154: result: yes
configure:6154: checking stdarg.h presence
configure:6154: gcc -E  -I/usr/local/include conftest.c
configure:6154: $? = 0
configure:6154: result: yes
configure:6154: checking for stdarg.h
configure:6154: result: yes
configure:6154: checking stdio.h usability
configure:6154: gcc -c -g -O2  -I/usr/local/include conftest.c >&5
configure:6154: $? = 0
configure:6154: result: yes
configure:6154: checking stdio.h presence
configure:6154: gcc -E  -I/usr/local/include conftest.c
configure:6154: $? = 0
configure:6154: result: yes
configure:6154: checking for stdio.h
configure:6154: result: yes
configure:6154: checking for stdlib.h
configure:6154: result: yes
configure:6154: checking for string.h
configure:6154: result: yes
configure:6154: checking for strings.h
configure:6154: result: yes
configure:6154: checking sys/ioctl.h usability
configure:6154: gcc -c -g -O2  -I/usr/local/include conftest.c >&5
configure:6154: $? = 0
configure:6154: result: yes
configure:6154: checking sys/ioctl.h presence
configure:6154: gcc -E  -I/usr/local/include conftest.c
configure:6154: $? = 0
configure:6154: result: yes
configure:6154: checking for sys/ioctl.h
configure:6154: result: yes
configure:6154: checking sys/socket.h usability
configure:6154: gcc -c -g -O2  -I/usr/local/include conftest.c >&5
configure:6154: $? = 0
configure:6154: result: yes
configure:6154: checking sys/socket.h presence
configure:6154: gcc -E  -I/usr/local/include conftest.c
configure:6154: $? = 0
configure:6154: result: yes
configure:6154: checking for sys/socket.h
configure:6154: result: yes
configure:6154: checking for sys/types.h
configure:6154: result: yes
configure:6154: checking syslog.h usability
configure:6154: gcc -c -g -O2  -I/usr/local/include conftest.c >&5
configure:6154: $? = 0
configure:6154: result: yes
configure:6154: checking syslog.h presence
configure:6154: gcc -E  -I/usr/local/include conftest.c
configure:6154: $? = 0
configure:6154: result: yes
configure:6154: checking for syslog.h
configure:6154: result: yes
configure:6154: checking termios.h usability
configure:6154: gcc -c -g -O2  -I/usr/local/include conftest.c >&5
configure:6154: $? = 0
configure:6154: result: yes
configure:6154: checking termios.h presence
configure:6154: gcc -E  -I/usr/local/include conftest.c
configure:6154: $? = 0
configure:6154: result: yes
configure:6154: checking for termios.h
configure:6154: result: yes
configure:6154: checking for unistd.h
configure:6154: result: yes
configure:6170: checking arpa/nameser.h usability
configure:6170: gcc -c -g -O2  -I/usr/local/include conftest.c >&5
configure:6170: $? = 0
configure:6170: result: yes
configure:6170: checking arpa/nameser.h presence
configure:6170: gcc -E  -I/usr/local/include conftest.c
configure:6170: $? = 0
configure:6170: result: yes
configure:6170: checking for arpa/nameser.h
configure:6170: result: yes
configure:6183: checking whether stat file-mode macros are broken
configure:6210: gcc -c -g -O2  -I/usr/local/include conftest.c >&5
configure:6210: $? = 0
configure:6217: result: no
configure:6224: checking whether time.h and sys/time.h may both be included
configure:6244: gcc -c -g -O2  -I/usr/local/include conftest.c >&5
configure:6244: $? = 0
configure:6251: result: yes
configure:6258: checking for sys/wait.h that is POSIX.1 compatible
configure:6284: gcc -c -g -O2  -I/usr/local/include conftest.c >&5
configure:6284: $? = 0
configure:6291: result: yes
configure:6299: checking whether struct tm is in sys/time.h or time.h
configure:6319: gcc -c -g -O2  -I/usr/local/include conftest.c >&5
configure:6319: $? = 0
configure:6326: result: time.h
configure:6333: checking for struct tm.tm_zone
configure:6333: gcc -c -g -O2  -I/usr/local/include conftest.c >&5
configure:6333: $? = 0
configure:6333: result: yes
configure:6400: checking for uid_t in sys/types.h
configure:6419: result: yes
configure:6430: checking type of array argument to getgroups
configure:6464: gcc -o conftest -g -O2  -I/usr/local/include  -L/usr/local/lib64 -L/usr/local/lib conftest.c  -lm >&5
configure:6464: $? = 0
configure:6464: ./conftest
configure:6464: $? = 0
configure:6489: result: gid_t
configure:6497: checking for mode_t
configure:6497: gcc -c -g -O2  -I/usr/local/include conftest.c >&5
configure:6497: $? = 0
configure:6497: gcc -c -g -O2  -I/usr/local/include conftest.c >&5
conftest.c: In function 'main':
conftest.c:108:21: error: expected expression before ')' token
 if (sizeof ((mode_t)))
                     ^
configure:6497: $? = 1
configure: failed program was:
| /* confdefs.h */
| #define PACKAGE_NAME ""
| #define PACKAGE_TARNAME ""
| #define PACKAGE_VERSION ""
| #define PACKAGE_STRING ""
| #define PACKAGE_BUGREPORT ""
| #define PACKAGE_URL ""
| #define HAVE_PTHREADS 1
| #define HAVE_ABORT 1
| #define HAVE_CALLOC 1
| #define HAVE_GETPID 1
| #define HAVE_REWIND 1
| #define HAVE_SIGNAL 1
| #define HAVE_STRERROR 1
| #define HAVE_STRNCMP 1
| #define HAVE_STRNCPY 1
| #define HAVE_VFPRINTF 1
| #define HAVE_SNPRINTF 1
| #define HAVE_VSNPRINTF 1
| #define HAVE_FORK 1
| #define HAVE_IOCTL 1
| #define HAVE_KILL 1
| #define HAVE_SELECT 1
| #define HAVE_SETSID 1
| #define HAVE_TCGETATTR 1
| #define HAVE_NANOSLEEP 1
| #define HAVE_STRFTIME 1
| #define HAVE_LIBM 1
| #define HAVE_STRSTR /**/
| #define HAVE_STRCASECMP /**/
| #define HAVE_MEMMOVE /**/
| #define HAVE_GETOPTLONG /**/
| #define HAVE_INETPTON /**/
| #define HAVE_LOCALTIME_R /**/
| #define STDC_HEADERS 1
| #define HAVE_SYS_TYPES_H 1
| #define HAVE_SYS_STAT_H 1
| #define HAVE_STDLIB_H 1
| #define HAVE_STRING_H 1
| #define HAVE_MEMORY_H 1
| #define HAVE_STRINGS_H 1
| #define HAVE_INTTYPES_H 1
| #define HAVE_STDINT_H 1
| #define HAVE_UNISTD_H 1
| #define HAVE_ARPA_INET_H 1
| #define HAVE_CTYPE_H 1
| #define HAVE_ERRNO_H 1
| #define HAVE_FCNTL_H 1
| #define HAVE_LIMITS_H 1
| #define HAVE_NETDB_H 1
| #define HAVE_NETINET_IN_H 1
| #define HAVE_SIGNAL_H 1
| #define HAVE_STDARG_H 1
| #define HAVE_STDIO_H 1
| #define HAVE_STDLIB_H 1
| #define HAVE_STRING_H 1
| #define HAVE_STRINGS_H 1
| #define HAVE_SYS_IOCTL_H 1
| #define HAVE_SYS_SOCKET_H 1
| #define HAVE_SYS_TYPES_H 1
| #define HAVE_SYSLOG_H 1
| #define HAVE_TERMIOS_H 1
| #define HAVE_UNISTD_H 1
| #define HAVE_ARPA_NAMESER_H 1
| #define HAVE_NAMESER_H /**/
| #define TIME_WITH_SYS_TIME 1
| #define HAVE_SYS_WAIT_H 1
| #define HAVE_STRUCT_TM_TM_ZONE 1
| #define HAVE_TM_ZONE 1
| #define GETGROUPS_T gid_t
| /* end confdefs.h.  */
| #include <stdio.h>
| #ifdef HAVE_SYS_TYPES_H
| # include <sys/types.h>
| #endif
| #ifdef HAVE_SYS_STAT_H
| # include <sys/stat.h>
| #endif
| #ifdef STDC_HEADERS
| # include <stdlib.h>
| # include <stddef.h>
| #else
| # ifdef HAVE_STDLIB_H
| #  include <stdlib.h>
| # endif
| #endif
| #ifdef HAVE_STRING_H
| # if !defined STDC_HEADERS && defined HAVE_MEMORY_H
| #  include <memory.h>
| # endif
| # include <string.h>
| #endif
| #ifdef HAVE_STRINGS_H
| # include <strings.h>
| #endif
| #ifdef HAVE_INTTYPES_H
| # include <inttypes.h>
| #endif
| #ifdef HAVE_STDINT_H
| # include <stdint.h>
| #endif
| #ifdef HAVE_UNISTD_H
| # include <unistd.h>
| #endif
| int
| main ()
| {
| if (sizeof ((mode_t)))
| 	    return 0;
|   ;
|   return 0;
| }
configure:6497: result: yes
configure:6508: checking for off_t
configure:6508: gcc -c -g -O2  -I/usr/local/include conftest.c >&5
configure:6508: $? = 0
configure:6508: gcc -c -g -O2  -I/usr/local/include conftest.c >&5
conftest.c: In function 'main':
conftest.c:108:20: error: expected expression before ')' token
 if (sizeof ((off_t)))
                    ^
configure:6508: $? = 1
configure: failed program was:
| /* confdefs.h */
| #define PACKAGE_NAME ""
| #define PACKAGE_TARNAME ""
| #define PACKAGE_VERSION ""
| #define PACKAGE_STRING ""
| #define PACKAGE_BUGREPORT ""
| #define PACKAGE_URL ""
| #define HAVE_PTHREADS 1
| #define HAVE_ABORT 1
| #define HAVE_CALLOC 1
| #define HAVE_GETPID 1
| #define HAVE_REWIND 1
| #define HAVE_SIGNAL 1
| #define HAVE_STRERROR 1
| #define HAVE_STRNCMP 1
| #define HAVE_STRNCPY 1
| #define HAVE_VFPRINTF 1
| #define HAVE_SNPRINTF 1
| #define HAVE_VSNPRINTF 1
| #define HAVE_FORK 1
| #define HAVE_IOCTL 1
| #define HAVE_KILL 1
| #define HAVE_SELECT 1
| #define HAVE_SETSID 1
| #define HAVE_TCGETATTR 1
| #define HAVE_NANOSLEEP 1
| #define HAVE_STRFTIME 1
| #define HAVE_LIBM 1
| #define HAVE_STRSTR /**/
| #define HAVE_STRCASECMP /**/
| #define HAVE_MEMMOVE /**/
| #define HAVE_GETOPTLONG /**/
| #define HAVE_INETPTON /**/
| #define HAVE_LOCALTIME_R /**/
| #define STDC_HEADERS 1
| #define HAVE_SYS_TYPES_H 1
| #define HAVE_SYS_STAT_H 1
| #define HAVE_STDLIB_H 1
| #define HAVE_STRING_H 1
| #define HAVE_MEMORY_H 1
| #define HAVE_STRINGS_H 1
| #define HAVE_INTTYPES_H 1
| #define HAVE_STDINT_H 1
| #define HAVE_UNISTD_H 1
| #define HAVE_ARPA_INET_H 1
| #define HAVE_CTYPE_H 1
| #define HAVE_ERRNO_H 1
| #define HAVE_FCNTL_H 1
| #define HAVE_LIMITS_H 1
| #define HAVE_NETDB_H 1
| #define HAVE_NETINET_IN_H 1
| #define HAVE_SIGNAL_H 1
| #define HAVE_STDARG_H 1
| #define HAVE_STDIO_H 1
| #define HAVE_STDLIB_H 1
| #define HAVE_STRING_H 1
| #define HAVE_STRINGS_H 1
| #define HAVE_SYS_IOCTL_H 1
| #define HAVE_SYS_SOCKET_H 1
| #define HAVE_SYS_TYPES_H 1
| #define HAVE_SYSLOG_H 1
| #define HAVE_TERMIOS_H 1
| #define HAVE_UNISTD_H 1
| #define HAVE_ARPA_NAMESER_H 1
| #define HAVE_NAMESER_H /**/
| #define TIME_WITH_SYS_TIME 1
| #define HAVE_SYS_WAIT_H 1
| #define HAVE_STRUCT_TM_TM_ZONE 1
| #define HAVE_TM_ZONE 1
| #define GETGROUPS_T gid_t
| /* end confdefs.h.  */
| #include <stdio.h>
| #ifdef HAVE_SYS_TYPES_H
| # include <sys/types.h>
| #endif
| #ifdef HAVE_SYS_STAT_H
| # include <sys/stat.h>
| #endif
| #ifdef STDC_HEADERS
| # include <stdlib.h>
| # include <stddef.h>
| #else
| # ifdef HAVE_STDLIB_H
| #  include <stdlib.h>
| # endif
| #endif
| #ifdef HAVE_STRING_H
| # if !defined STDC_HEADERS && defined HAVE_MEMORY_H
| #  include <memory.h>
| # endif
| # include <string.h>
| #endif
| #ifdef HAVE_STRINGS_H
| # include <strings.h>
| #endif
| #ifdef HAVE_INTTYPES_H
| # include <inttypes.h>
| #endif
| #ifdef HAVE_STDINT_H
| # include <stdint.h>
| #endif
| #ifdef HAVE_UNISTD_H
| # include <unistd.h>
| #endif
| int
| main ()
| {
| if (sizeof ((off_t)))
| 	    return 0;
|   ;
|   return 0;
| }
configure:6508: result: yes
configure:6519: checking for pid_t
configure:6519: gcc -c -g -O2  -I/usr/local/include conftest.c >&5
configure:6519: $? = 0
configure:6519: gcc -c -g -O2  -I/usr/local/include conftest.c >&5
conftest.c: In function 'main':
conftest.c:108:20: error: expected expression before ')' token
 if (sizeof ((pid_t)))
                    ^
configure:6519: $? = 1
configure: failed program was:
| /* confdefs.h */
| #define PACKAGE_NAME ""
| #define PACKAGE_TARNAME ""
| #define PACKAGE_VERSION ""
| #define PACKAGE_STRING ""
| #define PACKAGE_BUGREPORT ""
| #define PACKAGE_URL ""
| #define HAVE_PTHREADS 1
| #define HAVE_ABORT 1
| #define HAVE_CALLOC 1
| #define HAVE_GETPID 1
| #define HAVE_REWIND 1
| #define HAVE_SIGNAL 1
| #define HAVE_STRERROR 1
| #define HAVE_STRNCMP 1
| #define HAVE_STRNCPY 1
| #define HAVE_VFPRINTF 1
| #define HAVE_SNPRINTF 1
| #define HAVE_VSNPRINTF 1
| #define HAVE_FORK 1
| #define HAVE_IOCTL 1
| #define HAVE_KILL 1
| #define HAVE_SELECT 1
| #define HAVE_SETSID 1
| #define HAVE_TCGETATTR 1
| #define HAVE_NANOSLEEP 1
| #define HAVE_STRFTIME 1
| #define HAVE_LIBM 1
| #define HAVE_STRSTR /**/
| #define HAVE_STRCASECMP /**/
| #define HAVE_MEMMOVE /**/
| #define HAVE_GETOPTLONG /**/
| #define HAVE_INETPTON /**/
| #define HAVE_LOCALTIME_R /**/
| #define STDC_HEADERS 1
| #define HAVE_SYS_TYPES_H 1
| #define HAVE_SYS_STAT_H 1
| #define HAVE_STDLIB_H 1
| #define HAVE_STRING_H 1
| #define HAVE_MEMORY_H 1
| #define HAVE_STRINGS_H 1
| #define HAVE_INTTYPES_H 1
| #define HAVE_STDINT_H 1
| #define HAVE_UNISTD_H 1
| #define HAVE_ARPA_INET_H 1
| #define HAVE_CTYPE_H 1
| #define HAVE_ERRNO_H 1
| #define HAVE_FCNTL_H 1
| #define HAVE_LIMITS_H 1
| #define HAVE_NETDB_H 1
| #define HAVE_NETINET_IN_H 1
| #define HAVE_SIGNAL_H 1
| #define HAVE_STDARG_H 1
| #define HAVE_STDIO_H 1
| #define HAVE_STDLIB_H 1
| #define HAVE_STRING_H 1
| #define HAVE_STRINGS_H 1
| #define HAVE_SYS_IOCTL_H 1
| #define HAVE_SYS_SOCKET_H 1
| #define HAVE_SYS_TYPES_H 1
| #define HAVE_SYSLOG_H 1
| #define HAVE_TERMIOS_H 1
| #define HAVE_UNISTD_H 1
| #define HAVE_ARPA_NAMESER_H 1
| #define HAVE_NAMESER_H /**/
| #define TIME_WITH_SYS_TIME 1
| #define HAVE_SYS_WAIT_H 1
| #define HAVE_STRUCT_TM_TM_ZONE 1
| #define HAVE_TM_ZONE 1
| #define GETGROUPS_T gid_t
| /* end confdefs.h.  */
| #include <stdio.h>
| #ifdef HAVE_SYS_TYPES_H
| # include <sys/types.h>
| #endif
| #ifdef HAVE_SYS_STAT_H
| # include <sys/stat.h>
| #endif
| #ifdef STDC_HEADERS
| # include <stdlib.h>
| # include <stddef.h>
| #else
| # ifdef HAVE_STDLIB_H
| #  include <stdlib.h>
| # endif
| #endif
| #ifdef HAVE_STRING_H
| # if !defined STDC_HEADERS && defined HAVE_MEMORY_H
| #  include <memory.h>
| # endif
| # include <string.h>
| #endif
| #ifdef HAVE_STRINGS_H
| # include <strings.h>
| #endif
| #ifdef HAVE_INTTYPES_H
| # include <inttypes.h>
| #endif
| #ifdef HAVE_STDINT_H
| # include <stdint.h>
| #endif
| #ifdef HAVE_UNISTD_H
| # include <unistd.h>
| #endif
| int
| main ()
| {
| if (sizeof ((pid_t)))
| 	    return 0;
|   ;
|   return 0;
| }
configure:6519: result: yes
configure:6530: checking return type of signal handlers
configure:6548: gcc -c -g -O2  -I/usr/local/include conftest.c >&5
conftest.c: In function 'main':
conftest.c:78:1: error: void value not ignored as it ought to be
 return *(signal (0, 0)) (0) == 1;
 ^
configure:6548: $? = 1
configure: failed program was:
| /* confdefs.h */
| #define PACKAGE_NAME ""
| #define PACKAGE_TARNAME ""
| #define PACKAGE_VERSION ""
| #define PACKAGE_STRING ""
| #define PACKAGE_BUGREPORT ""
| #define PACKAGE_URL ""
| #define HAVE_PTHREADS 1
| #define HAVE_ABORT 1
| #define HAVE_CALLOC 1
| #define HAVE_GETPID 1
| #define HAVE_REWIND 1
| #define HAVE_SIGNAL 1
| #define HAVE_STRERROR 1
| #define HAVE_STRNCMP 1
| #define HAVE_STRNCPY 1
| #define HAVE_VFPRINTF 1
| #define HAVE_SNPRINTF 1
| #define HAVE_VSNPRINTF 1
| #define HAVE_FORK 1
| #define HAVE_IOCTL 1
| #define HAVE_KILL 1
| #define HAVE_SELECT 1
| #define HAVE_SETSID 1
| #define HAVE_TCGETATTR 1
| #define HAVE_NANOSLEEP 1
| #define HAVE_STRFTIME 1
| #define HAVE_LIBM 1
| #define HAVE_STRSTR /**/
| #define HAVE_STRCASECMP /**/
| #define HAVE_MEMMOVE /**/
| #define HAVE_GETOPTLONG /**/
| #define HAVE_INETPTON /**/
| #define HAVE_LOCALTIME_R /**/
| #define STDC_HEADERS 1
| #define HAVE_SYS_TYPES_H 1
| #define HAVE_SYS_STAT_H 1
| #define HAVE_STDLIB_H 1
| #define HAVE_STRING_H 1
| #define HAVE_MEMORY_H 1
| #define HAVE_STRINGS_H 1
| #define HAVE_INTTYPES_H 1
| #define HAVE_STDINT_H 1
| #define HAVE_UNISTD_H 1
| #define HAVE_ARPA_INET_H 1
| #define HAVE_CTYPE_H 1
| #define HAVE_ERRNO_H 1
| #define HAVE_FCNTL_H 1
| #define HAVE_LIMITS_H 1
| #define HAVE_NETDB_H 1
| #define HAVE_NETINET_IN_H 1
| #define HAVE_SIGNAL_H 1
| #define HAVE_STDARG_H 1
| #define HAVE_STDIO_H 1
| #define HAVE_STDLIB_H 1
| #define HAVE_STRING_H 1
| #define HAVE_STRINGS_H 1
| #define HAVE_SYS_IOCTL_H 1
| #define HAVE_SYS_SOCKET_H 1
| #define HAVE_SYS_TYPES_H 1
| #define HAVE_SYSLOG_H 1
| #define HAVE_TERMIOS_H 1
| #define HAVE_UNISTD_H 1
| #define HAVE_ARPA_NAMESER_H 1
| #define HAVE_NAMESER_H /**/
| #define TIME_WITH_SYS_TIME 1
| #define HAVE_SYS_WAIT_H 1
| #define HAVE_STRUCT_TM_TM_ZONE 1
| #define HAVE_TM_ZONE 1
| #define GETGROUPS_T gid_t
| /* end confdefs.h.  */
| #include <sys/types.h>
| #include <signal.h>
| 
| int
| main ()
| {
| return *(signal (0, 0)) (0) == 1;
|   ;
|   return 0;
| }
configure:6555: result: void
configure:6563: checking for size_t
configure:6563: gcc -c -g -O2  -I/usr/local/include conftest.c >&5
configure:6563: $? = 0
configure:6563: gcc -c -g -O2  -I/usr/local/include conftest.c >&5
conftest.c: In function 'main':
conftest.c:109:21: error: expected expression before ')' token
 if (sizeof ((size_t)))
                     ^
configure:6563: $? = 1
configure: failed program was:
| /* confdefs.h */
| #define PACKAGE_NAME ""
| #define PACKAGE_TARNAME ""
| #define PACKAGE_VERSION ""
| #define PACKAGE_STRING ""
| #define PACKAGE_BUGREPORT ""
| #define PACKAGE_URL ""
| #define HAVE_PTHREADS 1
| #define HAVE_ABORT 1
| #define HAVE_CALLOC 1
| #define HAVE_GETPID 1
| #define HAVE_REWIND 1
| #define HAVE_SIGNAL 1
| #define HAVE_STRERROR 1
| #define HAVE_STRNCMP 1
| #define HAVE_STRNCPY 1
| #define HAVE_VFPRINTF 1
| #define HAVE_SNPRINTF 1
| #define HAVE_VSNPRINTF 1
| #define HAVE_FORK 1
| #define HAVE_IOCTL 1
| #define HAVE_KILL 1
| #define HAVE_SELECT 1
| #define HAVE_SETSID 1
| #define HAVE_TCGETATTR 1
| #define HAVE_NANOSLEEP 1
| #define HAVE_STRFTIME 1
| #define HAVE_LIBM 1
| #define HAVE_STRSTR /**/
| #define HAVE_STRCASECMP /**/
| #define HAVE_MEMMOVE /**/
| #define HAVE_GETOPTLONG /**/
| #define HAVE_INETPTON /**/
| #define HAVE_LOCALTIME_R /**/
| #define STDC_HEADERS 1
| #define HAVE_SYS_TYPES_H 1
| #define HAVE_SYS_STAT_H 1
| #define HAVE_STDLIB_H 1
| #define HAVE_STRING_H 1
| #define HAVE_MEMORY_H 1
| #define HAVE_STRINGS_H 1
| #define HAVE_INTTYPES_H 1
| #define HAVE_STDINT_H 1
| #define HAVE_UNISTD_H 1
| #define HAVE_ARPA_INET_H 1
| #define HAVE_CTYPE_H 1
| #define HAVE_ERRNO_H 1
| #define HAVE_FCNTL_H 1
| #define HAVE_LIMITS_H 1
| #define HAVE_NETDB_H 1
| #define HAVE_NETINET_IN_H 1
| #define HAVE_SIGNAL_H 1
| #define HAVE_STDARG_H 1
| #define HAVE_STDIO_H 1
| #define HAVE_STDLIB_H 1
| #define HAVE_STRING_H 1
| #define HAVE_STRINGS_H 1
| #define HAVE_SYS_IOCTL_H 1
| #define HAVE_SYS_SOCKET_H 1
| #define HAVE_SYS_TYPES_H 1
| #define HAVE_SYSLOG_H 1
| #define HAVE_TERMIOS_H 1
| #define HAVE_UNISTD_H 1
| #define HAVE_ARPA_NAMESER_H 1
| #define HAVE_NAMESER_H /**/
| #define TIME_WITH_SYS_TIME 1
| #define HAVE_SYS_WAIT_H 1
| #define HAVE_STRUCT_TM_TM_ZONE 1
| #define HAVE_TM_ZONE 1
| #define GETGROUPS_T gid_t
| #define RETSIGTYPE void
| /* end confdefs.h.  */
| #include <stdio.h>
| #ifdef HAVE_SYS_TYPES_H
| # include <sys/types.h>
| #endif
| #ifdef HAVE_SYS_STAT_H
| # include <sys/stat.h>
| #endif
| #ifdef STDC_HEADERS
| # include <stdlib.h>
| # include <stddef.h>
| #else
| # ifdef HAVE_STDLIB_H
| #  include <stdlib.h>
| # endif
| #endif
| #ifdef HAVE_STRING_H
| # if !defined STDC_HEADERS && defined HAVE_MEMORY_H
| #  include <memory.h>
| # endif
| # include <string.h>
| #endif
| #ifdef HAVE_STRINGS_H
| # include <strings.h>
| #endif
| #ifdef HAVE_INTTYPES_H
| # include <inttypes.h>
| #endif
| #ifdef HAVE_STDINT_H
| # include <stdint.h>
| #endif
| #ifdef HAVE_UNISTD_H
| # include <unistd.h>
| #endif
| int
| main ()
| {
| if (sizeof ((size_t)))
| 	    return 0;
|   ;
|   return 0;
| }
configure:6563: result: yes
configure:6574: checking for uid_t in sys/types.h
configure:6593: result: yes
configure:6604: checking for socklen_t
configure:6621: gcc -c -g -O2  -I/usr/local/include conftest.c >&5
configure:6621: $? = 0
configure:6622: result: yes
configure:6660: checking for X
configure:6768: gcc -E  -I/usr/local/include conftest.c
configure:6768: $? = 0
configure:6799: gcc -o conftest -g -O2  -I/usr/local/include  -L/usr/local/lib64 -L/usr/local/lib conftest.c -lX11  -lm >&5
configure:6799: $? = 0
configure:6849: result: libraries , headers 
configure:6948: gcc -o conftest -g -O2  -I/usr/local/include  -L/usr/local/lib64 -L/usr/local/lib conftest.c  -lm  -lX11 >&5
configure:6948: $? = 0
configure:7046: checking for gethostbyname
configure:7046: gcc -o conftest -g -O2  -I/usr/local/include  -L/usr/local/lib64 -L/usr/local/lib conftest.c  -lm >&5
configure:7046: $? = 0
configure:7046: result: yes
configure:7143: checking for connect
configure:7143: gcc -o conftest -g -O2  -I/usr/local/include  -L/usr/local/lib64 -L/usr/local/lib conftest.c  -lm >&5
configure:7143: $? = 0
configure:7143: result: yes
configure:7192: checking for remove
configure:7192: gcc -o conftest -g -O2  -I/usr/local/include  -L/usr/local/lib64 -L/usr/local/lib conftest.c  -lm >&5
configure:7192: $? = 0
configure:7192: result: yes
configure:7241: checking for shmat
configure:7241: gcc -o conftest -g -O2  -I/usr/local/include  -L/usr/local/lib64 -L/usr/local/lib conftest.c  -lm >&5
configure:7241: $? = 0
configure:7241: result: yes
configure:7299: checking for IceConnectionNumber in -lICE
configure:7324: gcc -o conftest -g -O2  -I/usr/local/include  -L/usr/local/lib64 -L/usr/local/lib conftest.c -lICE   -lm >&5
configure:7324: $? = 0
configure:7333: result: yes
configure:7342: checking whether #! works in shell scripts
configure:7359: result: yes
configure:7447: result: Using halpolicydir=/usr/share/hal/fdi/policy/20thirdparty
configure:8303: checking for pkg-config
configure:8321: found /usr/bin/pkg-config
configure:8333: result: /usr/bin/pkg-config
configure:8358: checking pkg-config is at least version 0.9.0
configure:8361: result: yes
configure:8506: checking how many arguments gethostbyname_r() takes
configure:8541: gcc -c -g -O2  -I/usr/local/include conftest.c >&5
conftest.c: In function 'main':
conftest.c:89:12: error: too few arguments to function 'gethostbyname_r'
      (void)gethostbyname_r(name) /* ; */
            ^
In file included from conftest.c:83:0:
/usr/include/netdb.h:179:12: note: declared here
 extern int gethostbyname_r (const char *__restrict __name,
            ^
configure:8541: $? = 1
configure: failed program was:
| /* confdefs.h */
| #define PACKAGE_NAME ""
| #define PACKAGE_TARNAME ""
| #define PACKAGE_VERSION ""
| #define PACKAGE_STRING ""
| #define PACKAGE_BUGREPORT ""
| #define PACKAGE_URL ""
| #define HAVE_PTHREADS 1
| #define HAVE_ABORT 1
| #define HAVE_CALLOC 1
| #define HAVE_GETPID 1
| #define HAVE_REWIND 1
| #define HAVE_SIGNAL 1
| #define HAVE_STRERROR 1
| #define HAVE_STRNCMP 1
| #define HAVE_STRNCPY 1
| #define HAVE_VFPRINTF 1
| #define HAVE_SNPRINTF 1
| #define HAVE_VSNPRINTF 1
| #define HAVE_FORK 1
| #define HAVE_IOCTL 1
| #define HAVE_KILL 1
| #define HAVE_SELECT 1
| #define HAVE_SETSID 1
| #define HAVE_TCGETATTR 1
| #define HAVE_NANOSLEEP 1
| #define HAVE_STRFTIME 1
| #define HAVE_LIBM 1
| #define HAVE_STRSTR /**/
| #define HAVE_STRCASECMP /**/
| #define HAVE_MEMMOVE /**/
| #define HAVE_GETOPTLONG /**/
| #define HAVE_INETPTON /**/
| #define HAVE_LOCALTIME_R /**/
| #define STDC_HEADERS 1
| #define HAVE_SYS_TYPES_H 1
| #define HAVE_SYS_STAT_H 1
| #define HAVE_STDLIB_H 1
| #define HAVE_STRING_H 1
| #define HAVE_MEMORY_H 1
| #define HAVE_STRINGS_H 1
| #define HAVE_INTTYPES_H 1
| #define HAVE_STDINT_H 1
| #define HAVE_UNISTD_H 1
| #define HAVE_ARPA_INET_H 1
| #define HAVE_CTYPE_H 1
| #define HAVE_ERRNO_H 1
| #define HAVE_FCNTL_H 1
| #define HAVE_LIMITS_H 1
| #define HAVE_NETDB_H 1
| #define HAVE_NETINET_IN_H 1
| #define HAVE_SIGNAL_H 1
| #define HAVE_STDARG_H 1
| #define HAVE_STDIO_H 1
| #define HAVE_STDLIB_H 1
| #define HAVE_STRING_H 1
| #define HAVE_STRINGS_H 1
| #define HAVE_SYS_IOCTL_H 1
| #define HAVE_SYS_SOCKET_H 1
| #define HAVE_SYS_TYPES_H 1
| #define HAVE_SYSLOG_H 1
| #define HAVE_TERMIOS_H 1
| #define HAVE_UNISTD_H 1
| #define HAVE_ARPA_NAMESER_H 1
| #define HAVE_NAMESER_H /**/
| #define TIME_WITH_SYS_TIME 1
| #define HAVE_SYS_WAIT_H 1
| #define HAVE_STRUCT_TM_TM_ZONE 1
| #define HAVE_TM_ZONE 1
| #define GETGROUPS_T gid_t
| #define RETSIGTYPE void
| #define HAVE_LINUX_OS /**/
| #define HAVE_APCSMART_DRIVER 1
| #define HAVE_DUMB_DRIVER 1
| #define HAVE_NET_DRIVER 1
| #define HAVE_SNMPLITE_DRIVER 1
| #define HAVE_BRAZIL_DRIVER 1
| #define HAVE_PCNET_DRIVER 1
| #define HAVE_MODBUS_DRIVER 1
| #define HAVE_NISSERVER /**/
| #define HAVE_NISLIB /**/
| /* end confdefs.h.  */
| #include <netdb.h>
| int
| main ()
| {
| 
| 	    char *name = "www.gnu.org";
| 	    (void)gethostbyname_r(name) /* ; */
| 
|   ;
|   return 0;
| }
configure:8571: gcc -c -g -O2  -I/usr/local/include conftest.c >&5
configure:8571: $? = 0
configure:8661: result: six
configure:8734: checking if libsupc++ is required
configure:8749: result: yes
configure:8773: checking if GCC supports -fno-exceptions
configure:8788: gcc -c -g -O2  -I/usr/local/include conftest.c >&5
conftest.c:83:0: warning: "HAVE_FUNC_GETHOSTBYNAME_R_6" redefined
 #define HAVE_FUNC_GETHOSTBYNAME_R_6 /**/
 ^
conftest.c:82:0: note: this is the location of the previous definition
 #define HAVE_FUNC_GETHOSTBYNAME_R_6 1
 ^
configure:8788: $? = 0
configure:8789: result: yes
configure:8799: checking if GCC supports -fno-rtti
configure:8814: gcc -c -g -O2  -I/usr/local/include conftest.c >&5
conftest.c:83:0: warning: "HAVE_FUNC_GETHOSTBYNAME_R_6" redefined
 #define HAVE_FUNC_GETHOSTBYNAME_R_6 /**/
 ^
conftest.c:82:0: note: this is the location of the previous definition
 #define HAVE_FUNC_GETHOSTBYNAME_R_6 1
 ^
configure:8814: $? = 0
configure:8815: result: yes
configure:8870: checking for wait
configure:8870: gcc -o conftest -g -O2 -Wall  -I/usr/local/include  -L/usr/local/lib64 -L/usr/local/lib conftest.c  -lm -lsupc++ >&5
conftest.c:83:0: warning: "HAVE_FUNC_GETHOSTBYNAME_R_6" redefined
 #define HAVE_FUNC_GETHOSTBYNAME_R_6 /**/
 ^
conftest.c:82:0: note: this is the location of the previous definition
 #define HAVE_FUNC_GETHOSTBYNAME_R_6 1
 ^
configure:8870: $? = 0
configure:8870: result: yes
configure:8870: checking for waitpid
configure:8870: gcc -o conftest -g -O2 -Wall  -I/usr/local/include  -L/usr/local/lib64 -L/usr/local/lib conftest.c  -lm -lsupc++ >&5
conftest.c:83:0: warning: "HAVE_FUNC_GETHOSTBYNAME_R_6" redefined
 #define HAVE_FUNC_GETHOSTBYNAME_R_6 /**/
 ^
conftest.c:82:0: note: this is the location of the previous definition
 #define HAVE_FUNC_GETHOSTBYNAME_R_6 1
 ^
configure:8870: $? = 0
configure:8870: result: yes
configure:8870: checking for wait3
configure:8870: gcc -o conftest -g -O2 -Wall  -I/usr/local/include  -L/usr/local/lib64 -L/usr/local/lib conftest.c  -lm -lsupc++ >&5
conftest.c:83:0: warning: "HAVE_FUNC_GETHOSTBYNAME_R_6" redefined
 #define HAVE_FUNC_GETHOSTBYNAME_R_6 /**/
 ^
conftest.c:82:0: note: this is the location of the previous definition
 #define HAVE_FUNC_GETHOSTBYNAME_R_6 1
 ^
configure:8870: $? = 0
configure:8870: result: yes
configure:9490: creating ./config.status

## ---------------------- ##
## Running config.status. ##
## ---------------------- ##

This file was extended by config.status, which was
generated by GNU Autoconf 2.69.  Invocation command line was

  CONFIG_FILES    = 
  CONFIG_HEADERS  = 
  CONFIG_LINKS    = 
  CONFIG_COMMANDS = 
  $ ./config.status 

on sexual

config.status:980: creating autoconf/variables.mak
config.status:1083: WARNING:  'autoconf/variables.mak.in' seems to ignore the --datarootdir setting
config.status:980: creating platforms/apccontrol
config.status:980: creating platforms/etc/changeme
config.status:980: creating platforms/etc/commfailure
config.status:980: creating platforms/etc/commok
config.status:980: creating platforms/etc/offbattery
config.status:980: creating platforms/etc/onbattery
config.status:980: creating platforms/etc/apcctrl.conf
config.status:980: creating examples/safe.apccontrol
config.status:980: creating platforms/debian/apcctrl
config.status:980: creating platforms/debian/ups-monitor
config.status:980: creating include/apcconfig.h
config.status:1155: include/apcconfig.h is unchanged

## ---------------- ##
## Cache variables. ##
## ---------------- ##

_cv_gnu_make_command=make
ac_cv_build=x86_64-unknown-linux-gnu
ac_cv_c_compiler_gnu=yes
ac_cv_cxx_compiler_gnu=yes
ac_cv_env_CCC_set=
ac_cv_env_CCC_value=
ac_cv_env_CC_set=
ac_cv_env_CC_value=
ac_cv_env_CFLAGS_set=
ac_cv_env_CFLAGS_value=
ac_cv_env_CPPFLAGS_set=
ac_cv_env_CPPFLAGS_value=
ac_cv_env_CPP_set=
ac_cv_env_CPP_value=
ac_cv_env_CXXFLAGS_set=
ac_cv_env_CXXFLAGS_value=
ac_cv_env_CXX_set=
ac_cv_env_CXX_value=
ac_cv_env_GAPCMON_CFLAGS_set=
ac_cv_env_GAPCMON_CFLAGS_value=
ac_cv_env_GAPCMON_LIBS_set=
ac_cv_env_GAPCMON_LIBS_value=
ac_cv_env_LDFLAGS_set=
ac_cv_env_LDFLAGS_value=
ac_cv_env_LIBS_set=
ac_cv_env_LIBS_value=
ac_cv_env_PKG_CONFIG_set=
ac_cv_env_PKG_CONFIG_value=
ac_cv_env_XMKMF_set=
ac_cv_env_XMKMF_value=
ac_cv_env_build_alias_set=
ac_cv_env_build_alias_value=
ac_cv_env_host_alias_set=
ac_cv_env_host_alias_value=
ac_cv_env_target_alias_set=
ac_cv_env_target_alias_value=
ac_cv_func_abort=yes
ac_cv_func_calloc=yes
ac_cv_func_connect=yes
ac_cv_func_fork=yes
ac_cv_func_gethostbyname=yes
ac_cv_func_getopt_long=yes
ac_cv_func_getpid=yes
ac_cv_func_inet_pton=yes
ac_cv_func_ioctl=yes
ac_cv_func_kill=yes
ac_cv_func_localtime_r=yes
ac_cv_func_memmove=yes
ac_cv_func_remove=yes
ac_cv_func_rewind=yes
ac_cv_func_select=yes
ac_cv_func_setsid=yes
ac_cv_func_shmat=yes
ac_cv_func_signal=yes
ac_cv_func_snprintf=yes
ac_cv_func_strcasecmp=yes
ac_cv_func_strchr=yes
ac_cv_func_strerror=yes
ac_cv_func_strftime=yes
ac_cv_func_strlcat=no
ac_cv_func_strlcpy=no
ac_cv_func_strncmp=yes
ac_cv_func_strncpy=yes
ac_cv_func_strstr=yes
ac_cv_func_tcgetattr=yes
ac_cv_func_vfprintf=yes
ac_cv_func_vsnprintf=yes
ac_cv_func_wait3=yes
ac_cv_func_wait=yes
ac_cv_func_waitpid=yes
ac_cv_func_which_gethostbyname_r=six
ac_cv_have_x='have_x=yes	ac_x_includes='\'''\''	ac_x_libraries='\'''\'''
ac_cv_header_arpa_inet_h=yes
ac_cv_header_arpa_nameser_h=yes
ac_cv_header_ctype_h=yes
ac_cv_header_errno_h=yes
ac_cv_header_fcntl_h=yes
ac_cv_header_inttypes_h=yes
ac_cv_header_limits_h=yes
ac_cv_header_memory_h=yes
ac_cv_header_netdb_h=yes
ac_cv_header_netinet_in_h=yes
ac_cv_header_signal_h=yes
ac_cv_header_stat_broken=no
ac_cv_header_stdarg_h=yes
ac_cv_header_stdc=yes
ac_cv_header_stdint_h=yes
ac_cv_header_stdio_h=yes
ac_cv_header_stdlib_h=yes
ac_cv_header_string_h=yes
ac_cv_header_strings_h=yes
ac_cv_header_sys_ioctl_h=yes
ac_cv_header_sys_socket_h=yes
ac_cv_header_sys_stat_h=yes
ac_cv_header_sys_types_h=yes
ac_cv_header_sys_wait_h=yes
ac_cv_header_syslog_h=yes
ac_cv_header_termios_h=yes
ac_cv_header_time=yes
ac_cv_header_unistd_h=yes
ac_cv_host=x86_64-unknown-linux-gnu
ac_cv_lib_ICE_IceConnectionNumber=yes
ac_cv_lib_m_sqrt=yes
ac_cv_member_struct_tm_tm_zone=yes
ac_cv_objext=o
ac_cv_path_APCCTRL_MAIL=/usr/bin/mail
ac_cv_path_CP=/bin/cp
ac_cv_path_ECHO=/bin/echo
ac_cv_path_EGREP='/bin/grep -E'
ac_cv_path_FALSEPRG=/bin/false
ac_cv_path_GREP=/bin/grep
ac_cv_path_LN=/bin/ln
ac_cv_path_MV=/bin/mv
ac_cv_path_RM=/bin/rm
ac_cv_path_RST2HTML=/usr/bin/rst2html
ac_cv_path_RST2PDF=/usr/bin/rst2pdf
ac_cv_path_SCRIPTSHELL=/bin/sh
ac_cv_path_SED=/bin/sed
ac_cv_path_SHUTDOWN=/sbin/shutdown
ac_cv_path_TRUEPRG=/bin/true
ac_cv_path_WALL=/usr/bin/wall
ac_cv_path_ac_pt_PKG_CONFIG=/usr/bin/pkg-config
ac_cv_path_install='/usr/bin/install -c'
ac_cv_prog_AWK=gawk
ac_cv_prog_CPP='gcc -E'
ac_cv_prog_ac_ct_AR=ar
ac_cv_prog_ac_ct_CC=gcc
ac_cv_prog_ac_ct_CXX=g++
ac_cv_prog_ac_ct_RANLIB=ranlib
ac_cv_prog_ac_ct_STRP=strip
ac_cv_prog_cc_c89=
ac_cv_prog_cc_g=yes
ac_cv_prog_cxx_g=yes
ac_cv_search_gethostbyname='none required'
ac_cv_search_gethostbyname_r='none required'
ac_cv_search_gethostname='none required'
ac_cv_search_inet_addr='none required'
ac_cv_search_nanosleep='none required'
ac_cv_search_socket='none required'
ac_cv_search_strerror='none required'
ac_cv_struct_tm=time.h
ac_cv_sys_interpreter=yes
ac_cv_type_getgroups=gid_t
ac_cv_type_mode_t=yes
ac_cv_type_off_t=yes
ac_cv_type_pid_t=yes
ac_cv_type_signal=void
ac_cv_type_size_t=yes
ac_cv_type_uid_t=yes

## ----------------- ##
## Output variables. ##
## ----------------- ##

ABSSRCDIR='/home/wagner/workspace/apcctrl'
APCACCESS='apcaccess'
APCAGENT=''
APCCTRL_MAIL='/usr/bin/mail'
APCDRVLIBS=' $(topdir)/src/drivers/libdrivers.a $(topdir)/src/drivers/apcsmart/libapcsmartdrv.a $(topdir)/src/drivers/dumb/libdumbdrv.a $(topdir)/src/drivers/net/libnetdrv.a $(topdir)/src/drivers/snmplite/libsnmplitedrv.a $(topdir)/src/drivers/brazil/libbrazildrv.a $(topdir)/src/drivers/pcnet/libpcnetdrv.a $(topdir)/src/drivers/modbus/libmodbusdrv.a'
APCSMART_DRIVER='apcsmart'
APCTEST='apctest'
AR='ar'
AWK='gawk'
BG=''
BRAZIL_DRIVER='brazil'
CC='gcc'
CFLAGS='-g -O2 -Wall'
CGI=''
CGIBIN='/etc/apcctrl'
CP='/bin/cp'
CPP='gcc -E'
CPPFLAGS=' -I/usr/local/include'
CROSSTOOLS=''
CXX='g++'
CXXFLAGS='-g -O2 -fno-exceptions -fno-rtti -Wall'
DATE='27 September 2016'
DEBUG=''
DEFS='-DHAVE_CONFIG_H'
DEPKGS=''
DISTDIR='debian'
DISTNAME='debian'
DISTVER='8.4'
DRVLIBS=''
DUMB_DRIVER='dumb'
ECHO='/bin/echo'
ECHO_C=''
ECHO_N='-n'
ECHO_T=''
EGREP='/bin/grep -E'
EXEEXT=''
EXTRADEFS=''
EXTRAOBJ=''
FALSEPRG='/bin/false'
GAPCMON=''
GAPCMON_CFLAGS=' -DHAVE_FUNC_GETHOSTBYNAME_R_6'
GAPCMON_LIBS=''
GDHEAD=''
GD_LIBS=''
GREP='/bin/grep'
HALPOLICYDIR='/usr/share/hal/fdi/policy/20thirdparty'
HOST='debian'
INSTALL_DATA='${INSTALL} -m 644'
INSTALL_PROGRAM='${INSTALL}'
INSTALL_SCRIPT='${INSTALL}'
LD='gcc'
LDFLAGS=' -L/usr/local/lib64 -L/usr/local/lib'
LIBEXTRAOBJ=''
LIBOBJS=''
LIBS=' -lm -lsupc++'
LIBUSBH=''
LIBUSBHID=''
LIBUSBHIDINC=''
LN='/bin/ln'
LOCKDIR='/var/lock'
LOGDIR='/var/log'
LTLIBOBJS=''
MAKE='make'
MKINSTALLDIRS='/home/wagner/workspace/apcctrl/autoconf/mkinstalldirs'
MODBUS_DRIVER='modbus'
MODBUS_USB_DRIVER=''
MV='/bin/mv'
NET_DRIVER='net'
NISIP='0.0.0.0'
NISPORT='3551'
OBJEXT='o'
PACKAGE_BUGREPORT=''
PACKAGE_NAME=''
PACKAGE_STRING=''
PACKAGE_TARNAME=''
PACKAGE_URL=''
PACKAGE_VERSION=''
PATH_SEPARATOR=':'
PCNET_DRIVER='pcnet'
PIDDIR='/var/run'
PKG_CONFIG='/usr/bin/pkg-config'
PTHREAD_CFLAGS=''
PTHREAD_LFLAGS='-lpthread'
PWRFAILDIR='/etc/apcctrl'
RANLIB='ranlib'
RM='/bin/rm'
RST2HTML='/usr/bin/rst2html'
RST2PDF='/usr/bin/rst2pdf'
SCRIPTSHELL='/bin/sh'
SED='/bin/sed'
SERIALDEV='/dev/ttyS0'
SHELL='/bin/bash'
SHUTDOWN='/sbin/shutdown'
SMTP='smtp'
SNMPLITE_DRIVER='snmplite'
SNMP_DRIVER=''
STRP='strip'
SYSCONFDIR=''
TEST_DRIVER=''
TOP_DIR='/home/wagner/workspace'
TRUEPRG='/bin/true'
UPSCABLE='simple'
UPSTYPE='brazil'
USB_DRIVER=''
USB_TYPE=''
VERSION='0.8.0'
WALL='/usr/bin/wall'
WIN32=''
WINDRES=''
XMKMF=''
X_CFLAGS=''
X_EXTRA_LIBS=''
X_LIBS=''
X_PRE_LIBS=' -lSM -lICE'
ac_ct_CC='gcc'
ac_ct_CXX='g++'
ac_ct_STRP='strip'
bindir='${exec_prefix}/bin'
build='x86_64-unknown-linux-gnu'
build_alias=''
build_cpu='x86_64'
build_os='linux-gnu'
build_vendor='unknown'
datadir='${datarootdir}'
datarootdir='${prefix}/share'
docdir='${datarootdir}/doc/${PACKAGE}'
dvidir='${docdir}'
exec_prefix='${prefix}'
host='x86_64-unknown-linux-gnu'
host_alias=''
host_cpu='x86_64'
host_os='linux-gnu'
host_vendor='unknown'
htmldir='${docdir}'
includedir='${prefix}/include'
infodir='${datarootdir}/info'
libdir='/usr/local/lib'
libexecdir='${exec_prefix}/libexec'
localedir='${datarootdir}/locale'
localstatedir='${prefix}/var'
mandir='${prefix}/share/man'
nologdir='/etc'
oldincludedir='/usr/include'
pdfdir='${docdir}'
prefix='/usr'
program_transform_name='s,x,x,'
psdir='${docdir}'
sbindir='/sbin'
sharedstatedir='${prefix}/com'
sysconfdir='/etc/apcctrl'
target_alias=''
topdir='/home/wagner/workspace/apcctrl'
usbcfg=''

## ----------- ##
## confdefs.h. ##
## ----------- ##

/* confdefs.h */
#define PACKAGE_NAME ""
#define PACKAGE_TARNAME ""
#define PACKAGE_VERSION ""
#define PACKAGE_STRING ""
#define PACKAGE_BUGREPORT ""
#define PACKAGE_URL ""
#define HAVE_PTHREADS 1
#define HAVE_ABORT 1
#define HAVE_CALLOC 1
#define HAVE_GETPID 1
#define HAVE_REWIND 1
#define HAVE_SIGNAL 1
#define HAVE_STRERROR 1
#define HAVE_STRNCMP 1
#define HAVE_STRNCPY 1
#define HAVE_VFPRINTF 1
#define HAVE_SNPRINTF 1
#define HAVE_VSNPRINTF 1
#define HAVE_FORK 1
#define HAVE_IOCTL 1
#define HAVE_KILL 1
#define HAVE_SELECT 1
#define HAVE_SETSID 1
#define HAVE_TCGETATTR 1
#define HAVE_NANOSLEEP 1
#define HAVE_STRFTIME 1
#define HAVE_LIBM 1
#define HAVE_STRSTR /**/
#define HAVE_STRCASECMP /**/
#define HAVE_MEMMOVE /**/
#define HAVE_GETOPTLONG /**/
#define HAVE_INETPTON /**/
#define HAVE_LOCALTIME_R /**/
#define STDC_HEADERS 1
#define HAVE_SYS_TYPES_H 1
#define HAVE_SYS_STAT_H 1
#define HAVE_STDLIB_H 1
#define HAVE_STRING_H 1
#define HAVE_MEMORY_H 1
#define HAVE_STRINGS_H 1
#define HAVE_INTTYPES_H 1
#define HAVE_STDINT_H 1
#define HAVE_UNISTD_H 1
#define HAVE_ARPA_INET_H 1
#define HAVE_CTYPE_H 1
#define HAVE_ERRNO_H 1
#define HAVE_FCNTL_H 1
#define HAVE_LIMITS_H 1
#define HAVE_NETDB_H 1
#define HAVE_NETINET_IN_H 1
#define HAVE_SIGNAL_H 1
#define HAVE_STDARG_H 1
#define HAVE_STDIO_H 1
#define HAVE_STDLIB_H 1
#define HAVE_STRING_H 1
#define HAVE_STRINGS_H 1
#define HAVE_SYS_IOCTL_H 1
#define HAVE_SYS_SOCKET_H 1
#define HAVE_SYS_TYPES_H 1
#define HAVE_SYSLOG_H 1
#define HAVE_TERMIOS_H 1
#define HAVE_UNISTD_H 1
#define HAVE_ARPA_NAMESER_H 1
#define HAVE_NAMESER_H /**/
#define TIME_WITH_SYS_TIME 1
#define HAVE_SYS_WAIT_H 1
#define HAVE_STRUCT_TM_TM_ZONE 1
#define HAVE_TM_ZONE 1
#define GETGROUPS_T gid_t
#define RETSIGTYPE void
#define HAVE_LINUX_OS /**/
#define HAVE_APCSMART_DRIVER 1
#define HAVE_DUMB_DRIVER 1
#define HAVE_NET_DRIVER 1
#define HAVE_SNMPLITE_DRIVER 1
#define HAVE_BRAZIL_DRIVER 1
#define HAVE_PCNET_DRIVER 1
#define HAVE_MODBUS_DRIVER 1
#define HAVE_NISSERVER /**/
#define HAVE_NISLIB /**/
#define HAVE_FUNC_GETHOSTBYNAME_R_6 1
#define HAVE_FUNC_GETHOSTBYNAME_R_6 /**/
#define SYSCONFDIR "/etc/apcctrl"
#define HAVE_WAIT 1
#define HAVE_WAITPID 1
#define HAVE_WAIT3 1
#define PIDDIR "/var/run"
#define LOGDIR "/var/log"
#define NOLOGDIR "/etc"
#define PWRFAILDIR "/etc/apcctrl"
#define NISPORT 3551
#define HOST "debian"

configure: exit 0
